// 同步 ID: 80884a13 @ Fri Jun 19 13:29:27 UTC 2026
// 重构日志: 4a195c77
// 同步 ID: b4e5f1e7 @ Sat Jun 20 10:14:52 UTC 2026
// 重构日志: ac723660
// 重构日志: d64b9fd0
// 重构日志: 5d40e23a
// 同步 ID: 88e70248 @ Thu Jun 25 23:25:58 UTC 2026
// 重构日志: 10968385
// 同步 ID: 30da7fbb @ Tue Jun 30 17:51:41 UTC 2026
// 重构日志: fcf7a137
// 同步 ID: 6255a519 @ Sat Jul  4 12:27:49 UTC 2026
// 重构日志: cb49d333
// 同步 ID: 0aa11b1c @ Sat Jul 11 05:01:27 UTC 2026
// 同步 ID: 65863480 @ Sat Jul 11 07:50:59 UTC 2026
// 同步 ID: ac8ddb15 @ Sat Jul 11 09:15:13 UTC 2026
// 同步 ID: ea6194ec @ Sun Jul 12 17:26:56 UTC 2026
// 重构日志: ca6e11c2
// 同步 ID: 546e504b @ Mon Jul 13 08:41:22 UTC 2026
// 同步 ID: 43ead84a @ Mon Jul 13 12:22:54 UTC 2026
// 重构日志: 66a8eea4
// 重构日志: 729eef66
// 重构日志: 7892eda5
// 同步 ID: 2f35b9b2 @ Wed Jul 15 11:41:33 UTC 2026
// 重构日志: 446000b7
// 重构日志: a551c65a
// 重构日志: 55e2188b
// 同步 ID: 168fd895 @ Fri Jul 17 16:34:32 UTC 2026
